<?xml version="1.0" encoding="UTF-8"?>
<!-- Generated by org.testng.reporters.JUnitReportReporter -->
<testsuite hostname="LTIN645995" failures="0" tests="1" name="testngpackage.TravelInsuranceTest" time="26.507" errors="0" timestamp="2025-09-30T20:49:44 IST" skipped="0">
  <testcase classname="testngpackage.TravelInsuranceTest" name="testTravelInsuranceFlowStepByStep" time="26.507"/>
</testsuite> <!-- testngpackage.TravelInsuranceTest -->
