<?xml version="1.0" encoding="UTF-8"?>
<!-- Generated by org.testng.reporters.JUnitReportReporter -->
<testsuite hostname="LTIN619038" failures="0" tests="3" name="runners.TestRunner" time="88.092" errors="0" timestamp="2025-10-10T15:45:27 IST" skipped="0">
  <testcase classname="runners.TestRunner" name="runScenario" time="18.102"/>
  <testcase classname="runners.TestRunner" name="runScenario" time="26.763"/>
  <testcase classname="runners.TestRunner" name="runScenario" time="43.227"/>
</testsuite> <!-- runners.TestRunner -->
