<?xml version="1.0" encoding="UTF-8"?>
<testsuite xmlns:xsi="http://www.w3.org/2001/XMLSchema-instance" xsi:noNamespaceSchemaLocation="https://maven.apache.org/surefire/maven-surefire-plugin/xsd/surefire-test-report-3.0.xsd" version="3.0" name="TestSuite" time="90.775" tests="3" errors="0" skipped="0" failures="0">
  <properties>
    <property name="java.specification.version" value="24"/>
    <property name="sun.cpu.isalist" value="amd64"/>
    <property name="sun.jnu.encoding" value="Cp1252"/>
    <property name="java.class.path" value="C:\Users\2430655\Downloads\PolicyBazar_Atomation-master (3) 2 (1)\PolicyBazar_Atomation-master (3)\PolicyBazar_Atomation-master\PolicyBazar_Atomation-master\target\test-classes;C:\Users\2430655\Downloads\PolicyBazar_Atomation-master (3) 2 (1)\PolicyBazar_Atomation-master (3)\PolicyBazar_Atomation-master\PolicyBazar_Atomation-master\target\classes;C:\Users\2430655\.m2\repository\org\seleniumhq\selenium\selenium-java\4.21.0\selenium-java-4.21.0.jar;C:\Users\2430655\.m2\repository\org\seleniumhq\selenium\selenium-api\4.21.0\selenium-api-4.21.0.jar;C:\Users\2430655\.m2\repository\org\seleniumhq\selenium\selenium-chrome-driver\4.21.0\selenium-chrome-driver-4.21.0.jar;C:\Users\2430655\.m2\repository\com\google\auto\service\auto-service-annotations\1.1.1\auto-service-annotations-1.1.1.jar;C:\Users\2430655\.m2\repository\org\seleniumhq\selenium\selenium-chromium-driver\4.21.0\selenium-chromium-driver-4.21.0.jar;C:\Users\2430655\.m2\repository\org\seleniumhq\selenium\selenium-json\4.21.0\selenium-json-4.21.0.jar;C:\Users\2430655\.m2\repository\org\seleniumhq\selenium\selenium-manager\4.21.0\selenium-manager-4.21.0.jar;C:\Users\2430655\.m2\repository\org\seleniumhq\selenium\selenium-devtools-v123\4.21.0\selenium-devtools-v123-4.21.0.jar;C:\Users\2430655\.m2\repository\org\seleniumhq\selenium\selenium-devtools-v124\4.21.0\selenium-devtools-v124-4.21.0.jar;C:\Users\2430655\.m2\repository\org\seleniumhq\selenium\selenium-devtools-v125\4.21.0\selenium-devtools-v125-4.21.0.jar;C:\Users\2430655\.m2\repository\org\seleniumhq\selenium\selenium-devtools-v85\4.21.0\selenium-devtools-v85-4.21.0.jar;C:\Users\2430655\.m2\repository\org\seleniumhq\selenium\selenium-edge-driver\4.21.0\selenium-edge-driver-4.21.0.jar;C:\Users\2430655\.m2\repository\org\seleniumhq\selenium\selenium-firefox-driver\4.21.0\selenium-firefox-driver-4.21.0.jar;C:\Users\2430655\.m2\repository\org\seleniumhq\selenium\selenium-http\4.21.0\selenium-http-4.21.0.jar;C:\Users\2430655\.m2\repository\dev\failsafe\failsafe\3.3.2\failsafe-3.3.2.jar;C:\Users\2430655\.m2\repository\org\seleniumhq\selenium\selenium-ie-driver\4.21.0\selenium-ie-driver-4.21.0.jar;C:\Users\2430655\.m2\repository\org\seleniumhq\selenium\selenium-remote-driver\4.21.0\selenium-remote-driver-4.21.0.jar;C:\Users\2430655\.m2\repository\com\google\guava\guava\33.2.0-jre\guava-33.2.0-jre.jar;C:\Users\2430655\.m2\repository\com\google\guava\failureaccess\1.0.2\failureaccess-1.0.2.jar;C:\Users\2430655\.m2\repository\com\google\guava\listenablefuture\9999.0-empty-to-avoid-conflict-with-guava\listenablefuture-9999.0-empty-to-avoid-conflict-with-guava.jar;C:\Users\2430655\.m2\repository\com\google\code\findbugs\jsr305\3.0.2\jsr305-3.0.2.jar;C:\Users\2430655\.m2\repository\org\checkerframework\checker-qual\3.42.0\checker-qual-3.42.0.jar;C:\Users\2430655\.m2\repository\com\google\errorprone\error_prone_annotations\2.26.1\error_prone_annotations-2.26.1.jar;C:\Users\2430655\.m2\repository\com\google\j2objc\j2objc-annotations\3.0.0\j2objc-annotations-3.0.0.jar;C:\Users\2430655\.m2\repository\io\opentelemetry\semconv\opentelemetry-semconv\1.25.0-alpha\opentelemetry-semconv-1.25.0-alpha.jar;C:\Users\2430655\.m2\repository\io\opentelemetry\opentelemetry-api\1.38.0\opentelemetry-api-1.38.0.jar;C:\Users\2430655\.m2\repository\io\opentelemetry\opentelemetry-context\1.38.0\opentelemetry-context-1.38.0.jar;C:\Users\2430655\.m2\repository\io\opentelemetry\opentelemetry-exporter-logging\1.38.0\opentelemetry-exporter-logging-1.38.0.jar;C:\Users\2430655\.m2\repository\io\opentelemetry\opentelemetry-sdk-common\1.38.0\opentelemetry-sdk-common-1.38.0.jar;C:\Users\2430655\.m2\repository\io\opentelemetry\opentelemetry-sdk-extension-autoconfigure-spi\1.38.0\opentelemetry-sdk-extension-autoconfigure-spi-1.38.0.jar;C:\Users\2430655\.m2\repository\io\opentelemetry\opentelemetry-sdk-extension-autoconfigure\1.38.0\opentelemetry-sdk-extension-autoconfigure-1.38.0.jar;C:\Users\2430655\.m2\repository\io\opentelemetry\opentelemetry-api-incubator\1.38.0-alpha\opentelemetry-api-incubator-1.38.0-alpha.jar;C:\Users\2430655\.m2\repository\io\opentelemetry\opentelemetry-sdk-trace\1.38.0\opentelemetry-sdk-trace-1.38.0.jar;C:\Users\2430655\.m2\repository\io\opentelemetry\opentelemetry-sdk\1.38.0\opentelemetry-sdk-1.38.0.jar;C:\Users\2430655\.m2\repository\io\opentelemetry\opentelemetry-sdk-metrics\1.38.0\opentelemetry-sdk-metrics-1.38.0.jar;C:\Users\2430655\.m2\repository\io\opentelemetry\opentelemetry-sdk-logs\1.38.0\opentelemetry-sdk-logs-1.38.0.jar;C:\Users\2430655\.m2\repository\net\bytebuddy\byte-buddy\1.14.15\byte-buddy-1.14.15.jar;C:\Users\2430655\.m2\repository\org\seleniumhq\selenium\selenium-os\4.21.0\selenium-os-4.21.0.jar;C:\Users\2430655\.m2\repository\org\apache\commons\commons-exec\1.4.0\commons-exec-1.4.0.jar;C:\Users\2430655\.m2\repository\org\seleniumhq\selenium\selenium-safari-driver\4.21.0\selenium-safari-driver-4.21.0.jar;C:\Users\2430655\.m2\repository\org\seleniumhq\selenium\selenium-support\4.21.0\selenium-support-4.21.0.jar;C:\Users\2430655\.m2\repository\io\github\bonigarcia\webdrivermanager\5.8.0\webdrivermanager-5.8.0.jar;C:\Users\2430655\.m2\repository\org\slf4j\slf4j-api\2.0.12\slf4j-api-2.0.12.jar;C:\Users\2430655\.m2\repository\com\google\code\gson\gson\2.10.1\gson-2.10.1.jar;C:\Users\2430655\.m2\repository\com\github\docker-java\docker-java\3.3.6\docker-java-3.3.6.jar;C:\Users\2430655\.m2\repository\com\github\docker-java\docker-java-core\3.3.6\docker-java-core-3.3.6.jar;C:\Users\2430655\.m2\repository\com\github\docker-java\docker-java-api\3.3.6\docker-java-api-3.3.6.jar;C:\Users\2430655\.m2\repository\com\fasterxml\jackson\core\jackson-annotations\2.10.3\jackson-annotations-2.10.3.jar;C:\Users\2430655\.m2\repository\com\fasterxml\jackson\core\jackson-databind\2.10.3\jackson-databind-2.10.3.jar;C:\Users\2430655\.m2\repository\com\fasterxml\jackson\core\jackson-core\2.10.3\jackson-core-2.10.3.jar;C:\Users\2430655\.m2\repository\org\bouncycastle\bcpkix-jdk18on\1.76\bcpkix-jdk18on-1.76.jar;C:\Users\2430655\.m2\repository\org\bouncycastle\bcprov-jdk18on\1.76\bcprov-jdk18on-1.76.jar;C:\Users\2430655\.m2\repository\org\bouncycastle\bcutil-jdk18on\1.76\bcutil-jdk18on-1.76.jar;C:\Users\2430655\.m2\repository\org\slf4j\jcl-over-slf4j\1.7.30\jcl-over-slf4j-1.7.30.jar;C:\Users\2430655\.m2\repository\com\github\docker-java\docker-java-transport-httpclient5\3.3.6\docker-java-transport-httpclient5-3.3.6.jar;C:\Users\2430655\.m2\repository\com\github\docker-java\docker-java-transport\3.3.6\docker-java-transport-3.3.6.jar;C:\Users\2430655\.m2\repository\net\java\dev\jna\jna\5.13.0\jna-5.13.0.jar;C:\Users\2430655\.m2\repository\org\brotli\dec\0.1.2\dec-0.1.2.jar;C:\Users\2430655\.m2\repository\org\apache\commons\commons-compress\1.26.1\commons-compress-1.26.1.jar;C:\Users\2430655\.m2\repository\org\apache\httpcomponents\client5\httpclient5\5.2.1\httpclient5-5.2.1.jar;C:\Users\2430655\.m2\repository\org\apache\httpcomponents\core5\httpcore5\5.2\httpcore5-5.2.jar;C:\Users\2430655\.m2\repository\org\apache\httpcomponents\core5\httpcore5-h2\5.2\httpcore5-h2-5.2.jar;C:\Users\2430655\.m2\repository\org\testng\testng\7.9.0\testng-7.9.0.jar;C:\Users\2430655\.m2\repository\com\beust\jcommander\1.82\jcommander-1.82.jar;C:\Users\2430655\.m2\repository\org\webjars\jquery\3.7.1\jquery-3.7.1.jar;C:\Users\2430655\.m2\repository\org\apache\poi\poi\5.2.5\poi-5.2.5.jar;C:\Users\2430655\.m2\repository\commons-codec\commons-codec\1.16.0\commons-codec-1.16.0.jar;C:\Users\2430655\.m2\repository\org\apache\commons\commons-collections4\4.4\commons-collections4-4.4.jar;C:\Users\2430655\.m2\repository\org\apache\commons\commons-math3\3.6.1\commons-math3-3.6.1.jar;C:\Users\2430655\.m2\repository\com\zaxxer\SparseBitSet\1.3\SparseBitSet-1.3.jar;C:\Users\2430655\.m2\repository\org\apache\poi\poi-ooxml\5.2.5\poi-ooxml-5.2.5.jar;C:\Users\2430655\.m2\repository\org\apache\poi\poi-ooxml-lite\5.2.5\poi-ooxml-lite-5.2.5.jar;C:\Users\2430655\.m2\repository\org\apache\xmlbeans\xmlbeans\5.2.0\xmlbeans-5.2.0.jar;C:\Users\2430655\.m2\repository\com\github\virtuald\curvesapi\1.08\curvesapi-1.08.jar;C:\Users\2430655\.m2\repository\org\apache\logging\log4j\log4j-api\2.23.1\log4j-api-2.23.1.jar;C:\Users\2430655\.m2\repository\org\apache\logging\log4j\log4j-core\2.23.1\log4j-core-2.23.1.jar;C:\Users\2430655\.m2\repository\org\slf4j\slf4j-simple\2.0.13\slf4j-simple-2.0.13.jar;C:\Users\2430655\.m2\repository\io\cucumber\cucumber-java\7.18.0\cucumber-java-7.18.0.jar;C:\Users\2430655\.m2\repository\io\cucumber\cucumber-core\7.18.0\cucumber-core-7.18.0.jar;C:\Users\2430655\.m2\repository\io\cucumber\cucumber-gherkin\7.18.0\cucumber-gherkin-7.18.0.jar;C:\Users\2430655\.m2\repository\io\cucumber\cucumber-gherkin-messages\7.18.0\cucumber-gherkin-messages-7.18.0.jar;C:\Users\2430655\.m2\repository\io\cucumber\gherkin\28.0.0\gherkin-28.0.0.jar;C:\Users\2430655\.m2\repository\io\cucumber\messages\24.1.0\messages-24.1.0.jar;C:\Users\2430655\.m2\repository\io\cucumber\testng-xml-formatter\0.1.0\testng-xml-formatter-0.1.0.jar;C:\Users\2430655\.m2\repository\io\cucumber\query\12.2.0\query-12.2.0.jar;C:\Users\2430655\.m2\repository\io\cucumber\tag-expressions\6.1.0\tag-expressions-6.1.0.jar;C:\Users\2430655\.m2\repository\io\cucumber\cucumber-expressions\17.1.0\cucumber-expressions-17.1.0.jar;C:\Users\2430655\.m2\repository\io\cucumber\datatable\7.18.0\datatable-7.18.0.jar;C:\Users\2430655\.m2\repository\io\cucumber\cucumber-plugin\7.18.0\cucumber-plugin-7.18.0.jar;C:\Users\2430655\.m2\repository\io\cucumber\docstring\7.18.0\docstring-7.18.0.jar;C:\Users\2430655\.m2\repository\io\cucumber\html-formatter\21.3.1\html-formatter-21.3.1.jar;C:\Users\2430655\.m2\repository\io\cucumber\junit-xml-formatter\0.4.0\junit-xml-formatter-0.4.0.jar;C:\Users\2430655\.m2\repository\io\cucumber\ci-environment\10.0.1\ci-environment-10.0.1.jar;C:\Users\2430655\.m2\repository\org\apiguardian\apiguardian-api\1.1.2\apiguardian-api-1.1.2.jar;C:\Users\2430655\.m2\repository\io\cucumber\cucumber-testng\7.18.0\cucumber-testng-7.18.0.jar;C:\Users\2430655\.m2\repository\io\qameta\allure\allure-cucumber7-jvm\2.29.1\allure-cucumber7-jvm-2.29.1.jar;C:\Users\2430655\.m2\repository\io\qameta\allure\allure-java-commons\2.29.1\allure-java-commons-2.29.1.jar;C:\Users\2430655\.m2\repository\io\qameta\allure\allure-model\2.29.1\allure-model-2.29.1.jar;C:\Users\2430655\.m2\repository\io\qameta\allure\allure-testng\2.29.1\allure-testng-2.29.1.jar;C:\Users\2430655\.m2\repository\io\qameta\allure\allure-test-filter\2.29.1\allure-test-filter-2.29.1.jar;C:\Users\2430655\.m2\repository\tech\grasshopper\extentreports-cucumber7-adapter\1.7.0\extentreports-cucumber7-adapter-1.7.0.jar;C:\Users\2430655\.m2\repository\tech\grasshopper\extent-pdf-report\2.7.0\extent-pdf-report-2.7.0.jar;C:\Users\2430655\.m2\repository\tech\grasshopper\cucumber-pdf-report\2.10.0\cucumber-pdf-report-2.10.0.jar;C:\Users\2430655\.m2\repository\org\apache\pdfbox\pdfbox\2.0.26\pdfbox-2.0.26.jar;C:\Users\2430655\.m2\repository\org\apache\pdfbox\fontbox\2.0.26\fontbox-2.0.26.jar;C:\Users\2430655\.m2\repository\org\knowm\xchart\xchart\3.8.0\xchart-3.8.0.jar;C:\Users\2430655\.m2\repository\de\erichseifert\vectorgraphics2d\VectorGraphics2D\0.13\VectorGraphics2D-0.13.jar;C:\Users\2430655\.m2\repository\de\rototor\pdfbox\graphics2d\0.30\graphics2d-0.30.jar;C:\Users\2430655\.m2\repository\com\madgag\animated-gif-lib\1.4\animated-gif-lib-1.4.jar;C:\Users\2430655\.m2\repository\org\yaml\snakeyaml\1.28\snakeyaml-1.28.jar;C:\Users\2430655\.m2\repository\tech\grasshopper\table-layout\1.5.1\table-layout-1.5.1.jar;C:\Users\2430655\.m2\repository\tech\grasshopper\rest-assured-cucumber-pdf-report\1.4.1\rest-assured-cucumber-pdf-report-1.4.1.jar;C:\Users\2430655\.m2\repository\org\jsoup\jsoup\1.14.3\jsoup-1.14.3.jar;C:\Users\2430655\.m2\repository\com\aventstack\klov-reporter\5.0.9\klov-reporter-5.0.9.jar;C:\Users\2430655\.m2\repository\org\mongodb\mongodb-driver\3.6.4\mongodb-driver-3.6.4.jar;C:\Users\2430655\.m2\repository\org\mongodb\mongodb-driver-core\3.6.4\mongodb-driver-core-3.6.4.jar;C:\Users\2430655\.m2\repository\org\mongodb\bson\3.6.4\bson-3.6.4.jar;C:\Users\2430655\.m2\repository\org\apache\httpcomponents\httpclient\4.5.13\httpclient-4.5.13.jar;C:\Users\2430655\.m2\repository\org\apache\httpcomponents\httpcore\4.4.13\httpcore-4.4.13.jar;C:\Users\2430655\.m2\repository\commons-logging\commons-logging\1.2\commons-logging-1.2.jar;C:\Users\2430655\.m2\repository\org\apache\httpcomponents\httpmime\4.5.13\httpmime-4.5.13.jar;C:\Users\2430655\.m2\repository\tech\grasshopper\htmlextentreporter\1.0.1\htmlextentreporter-1.0.1.jar;C:\Users\2430655\.m2\repository\com\aventstack\extentreports\5.1.2\extentreports-5.1.2.jar;C:\Users\2430655\.m2\repository\io\reactivex\rxjava3\rxjava\3.1.6\rxjava-3.1.6.jar;C:\Users\2430655\.m2\repository\org\reactivestreams\reactive-streams\1.0.4\reactive-streams-1.0.4.jar;C:\Users\2430655\.m2\repository\org\freemarker\freemarker\2.3.32\freemarker-2.3.32.jar;C:\Users\2430655\.m2\repository\org\projectlombok\lombok\1.18.26\lombok-1.18.26.jar;C:\Users\2430655\.m2\repository\commons-io\commons-io\2.20.0\commons-io-2.20.0.jar;C:\Users\2430655\.m2\repository\org\apache\commons\commons-lang3\3.18.0\commons-lang3-3.18.0.jar;"/>
    <property name="java.vm.vendor" value="Oracle Corporation"/>
    <property name="sun.arch.data.model" value="64"/>
    <property name="user.variant" value=""/>
    <property name="java.vendor.url" value="https://java.oracle.com/"/>
    <property name="user.timezone" value="Asia/Calcutta"/>
    <property name="os.name" value="Windows 11"/>
    <property name="java.vm.specification.version" value="24"/>
    <property name="sun.java.launcher" value="SUN_STANDARD"/>
    <property name="user.country" value="IN"/>
    <property name="sun.boot.library.path" value="C:\Program Files\Java\jdk-24\bin"/>
    <property name="sun.java.command" value="C:\Users\2430655\AppData\Local\Temp\surefire9651256021967553939\surefirebooter-20251010154355588_3.jar C:\Users\2430655\AppData\Local\Temp\surefire9651256021967553939 2025-10-10T15-43-55_279-jvmRun1 surefire-20251010154355588_1tmp surefire_0-20251010154355588_2tmp"/>
    <property name="jdk.debug" value="release"/>
    <property name="surefire.test.class.path" value="C:\Users\2430655\Downloads\PolicyBazar_Atomation-master (3) 2 (1)\PolicyBazar_Atomation-master (3)\PolicyBazar_Atomation-master\PolicyBazar_Atomation-master\target\test-classes;C:\Users\2430655\Downloads\PolicyBazar_Atomation-master (3) 2 (1)\PolicyBazar_Atomation-master (3)\PolicyBazar_Atomation-master\PolicyBazar_Atomation-master\target\classes;C:\Users\2430655\.m2\repository\org\seleniumhq\selenium\selenium-java\4.21.0\selenium-java-4.21.0.jar;C:\Users\2430655\.m2\repository\org\seleniumhq\selenium\selenium-api\4.21.0\selenium-api-4.21.0.jar;C:\Users\2430655\.m2\repository\org\seleniumhq\selenium\selenium-chrome-driver\4.21.0\selenium-chrome-driver-4.21.0.jar;C:\Users\2430655\.m2\repository\com\google\auto\service\auto-service-annotations\1.1.1\auto-service-annotations-1.1.1.jar;C:\Users\2430655\.m2\repository\org\seleniumhq\selenium\selenium-chromium-driver\4.21.0\selenium-chromium-driver-4.21.0.jar;C:\Users\2430655\.m2\repository\org\seleniumhq\selenium\selenium-json\4.21.0\selenium-json-4.21.0.jar;C:\Users\2430655\.m2\repository\org\seleniumhq\selenium\selenium-manager\4.21.0\selenium-manager-4.21.0.jar;C:\Users\2430655\.m2\repository\org\seleniumhq\selenium\selenium-devtools-v123\4.21.0\selenium-devtools-v123-4.21.0.jar;C:\Users\2430655\.m2\repository\org\seleniumhq\selenium\selenium-devtools-v124\4.21.0\selenium-devtools-v124-4.21.0.jar;C:\Users\2430655\.m2\repository\org\seleniumhq\selenium\selenium-devtools-v125\4.21.0\selenium-devtools-v125-4.21.0.jar;C:\Users\2430655\.m2\repository\org\seleniumhq\selenium\selenium-devtools-v85\4.21.0\selenium-devtools-v85-4.21.0.jar;C:\Users\2430655\.m2\repository\org\seleniumhq\selenium\selenium-edge-driver\4.21.0\selenium-edge-driver-4.21.0.jar;C:\Users\2430655\.m2\repository\org\seleniumhq\selenium\selenium-firefox-driver\4.21.0\selenium-firefox-driver-4.21.0.jar;C:\Users\2430655\.m2\repository\org\seleniumhq\selenium\selenium-http\4.21.0\selenium-http-4.21.0.jar;C:\Users\2430655\.m2\repository\dev\failsafe\failsafe\3.3.2\failsafe-3.3.2.jar;C:\Users\2430655\.m2\repository\org\seleniumhq\selenium\selenium-ie-driver\4.21.0\selenium-ie-driver-4.21.0.jar;C:\Users\2430655\.m2\repository\org\seleniumhq\selenium\selenium-remote-driver\4.21.0\selenium-remote-driver-4.21.0.jar;C:\Users\2430655\.m2\repository\com\google\guava\guava\33.2.0-jre\guava-33.2.0-jre.jar;C:\Users\2430655\.m2\repository\com\google\guava\failureaccess\1.0.2\failureaccess-1.0.2.jar;C:\Users\2430655\.m2\repository\com\google\guava\listenablefuture\9999.0-empty-to-avoid-conflict-with-guava\listenablefuture-9999.0-empty-to-avoid-conflict-with-guava.jar;C:\Users\2430655\.m2\repository\com\google\code\findbugs\jsr305\3.0.2\jsr305-3.0.2.jar;C:\Users\2430655\.m2\repository\org\checkerframework\checker-qual\3.42.0\checker-qual-3.42.0.jar;C:\Users\2430655\.m2\repository\com\google\errorprone\error_prone_annotations\2.26.1\error_prone_annotations-2.26.1.jar;C:\Users\2430655\.m2\repository\com\google\j2objc\j2objc-annotations\3.0.0\j2objc-annotations-3.0.0.jar;C:\Users\2430655\.m2\repository\io\opentelemetry\semconv\opentelemetry-semconv\1.25.0-alpha\opentelemetry-semconv-1.25.0-alpha.jar;C:\Users\2430655\.m2\repository\io\opentelemetry\opentelemetry-api\1.38.0\opentelemetry-api-1.38.0.jar;C:\Users\2430655\.m2\repository\io\opentelemetry\opentelemetry-context\1.38.0\opentelemetry-context-1.38.0.jar;C:\Users\2430655\.m2\repository\io\opentelemetry\opentelemetry-exporter-logging\1.38.0\opentelemetry-exporter-logging-1.38.0.jar;C:\Users\2430655\.m2\repository\io\opentelemetry\opentelemetry-sdk-common\1.38.0\opentelemetry-sdk-common-1.38.0.jar;C:\Users\2430655\.m2\repository\io\opentelemetry\opentelemetry-sdk-extension-autoconfigure-spi\1.38.0\opentelemetry-sdk-extension-autoconfigure-spi-1.38.0.jar;C:\Users\2430655\.m2\repository\io\opentelemetry\opentelemetry-sdk-extension-autoconfigure\1.38.0\opentelemetry-sdk-extension-autoconfigure-1.38.0.jar;C:\Users\2430655\.m2\repository\io\opentelemetry\opentelemetry-api-incubator\1.38.0-alpha\opentelemetry-api-incubator-1.38.0-alpha.jar;C:\Users\2430655\.m2\repository\io\opentelemetry\opentelemetry-sdk-trace\1.38.0\opentelemetry-sdk-trace-1.38.0.jar;C:\Users\2430655\.m2\repository\io\opentelemetry\opentelemetry-sdk\1.38.0\opentelemetry-sdk-1.38.0.jar;C:\Users\2430655\.m2\repository\io\opentelemetry\opentelemetry-sdk-metrics\1.38.0\opentelemetry-sdk-metrics-1.38.0.jar;C:\Users\2430655\.m2\repository\io\opentelemetry\opentelemetry-sdk-logs\1.38.0\opentelemetry-sdk-logs-1.38.0.jar;C:\Users\2430655\.m2\repository\net\bytebuddy\byte-buddy\1.14.15\byte-buddy-1.14.15.jar;C:\Users\2430655\.m2\repository\org\seleniumhq\selenium\selenium-os\4.21.0\selenium-os-4.21.0.jar;C:\Users\2430655\.m2\repository\org\apache\commons\commons-exec\1.4.0\commons-exec-1.4.0.jar;C:\Users\2430655\.m2\repository\org\seleniumhq\selenium\selenium-safari-driver\4.21.0\selenium-safari-driver-4.21.0.jar;C:\Users\2430655\.m2\repository\org\seleniumhq\selenium\selenium-support\4.21.0\selenium-support-4.21.0.jar;C:\Users\2430655\.m2\repository\io\github\bonigarcia\webdrivermanager\5.8.0\webdrivermanager-5.8.0.jar;C:\Users\2430655\.m2\repository\org\slf4j\slf4j-api\2.0.12\slf4j-api-2.0.12.jar;C:\Users\2430655\.m2\repository\com\google\code\gson\gson\2.10.1\gson-2.10.1.jar;C:\Users\2430655\.m2\repository\com\github\docker-java\docker-java\3.3.6\docker-java-3.3.6.jar;C:\Users\2430655\.m2\repository\com\github\docker-java\docker-java-core\3.3.6\docker-java-core-3.3.6.jar;C:\Users\2430655\.m2\repository\com\github\docker-java\docker-java-api\3.3.6\docker-java-api-3.3.6.jar;C:\Users\2430655\.m2\repository\com\fasterxml\jackson\core\jackson-annotations\2.10.3\jackson-annotations-2.10.3.jar;C:\Users\2430655\.m2\repository\com\fasterxml\jackson\core\jackson-databind\2.10.3\jackson-databind-2.10.3.jar;C:\Users\2430655\.m2\repository\com\fasterxml\jackson\core\jackson-core\2.10.3\jackson-core-2.10.3.jar;C:\Users\2430655\.m2\repository\org\bouncycastle\bcpkix-jdk18on\1.76\bcpkix-jdk18on-1.76.jar;C:\Users\2430655\.m2\repository\org\bouncycastle\bcprov-jdk18on\1.76\bcprov-jdk18on-1.76.jar;C:\Users\2430655\.m2\repository\org\bouncycastle\bcutil-jdk18on\1.76\bcutil-jdk18on-1.76.jar;C:\Users\2430655\.m2\repository\org\slf4j\jcl-over-slf4j\1.7.30\jcl-over-slf4j-1.7.30.jar;C:\Users\2430655\.m2\repository\com\github\docker-java\docker-java-transport-httpclient5\3.3.6\docker-java-transport-httpclient5-3.3.6.jar;C:\Users\2430655\.m2\repository\com\github\docker-java\docker-java-transport\3.3.6\docker-java-transport-3.3.6.jar;C:\Users\2430655\.m2\repository\net\java\dev\jna\jna\5.13.0\jna-5.13.0.jar;C:\Users\2430655\.m2\repository\org\brotli\dec\0.1.2\dec-0.1.2.jar;C:\Users\2430655\.m2\repository\org\apache\commons\commons-compress\1.26.1\commons-compress-1.26.1.jar;C:\Users\2430655\.m2\repository\org\apache\httpcomponents\client5\httpclient5\5.2.1\httpclient5-5.2.1.jar;C:\Users\2430655\.m2\repository\org\apache\httpcomponents\core5\httpcore5\5.2\httpcore5-5.2.jar;C:\Users\2430655\.m2\repository\org\apache\httpcomponents\core5\httpcore5-h2\5.2\httpcore5-h2-5.2.jar;C:\Users\2430655\.m2\repository\org\testng\testng\7.9.0\testng-7.9.0.jar;C:\Users\2430655\.m2\repository\com\beust\jcommander\1.82\jcommander-1.82.jar;C:\Users\2430655\.m2\repository\org\webjars\jquery\3.7.1\jquery-3.7.1.jar;C:\Users\2430655\.m2\repository\org\apache\poi\poi\5.2.5\poi-5.2.5.jar;C:\Users\2430655\.m2\repository\commons-codec\commons-codec\1.16.0\commons-codec-1.16.0.jar;C:\Users\2430655\.m2\repository\org\apache\commons\commons-collections4\4.4\commons-collections4-4.4.jar;C:\Users\2430655\.m2\repository\org\apache\commons\commons-math3\3.6.1\commons-math3-3.6.1.jar;C:\Users\2430655\.m2\repository\com\zaxxer\SparseBitSet\1.3\SparseBitSet-1.3.jar;C:\Users\2430655\.m2\repository\org\apache\poi\poi-ooxml\5.2.5\poi-ooxml-5.2.5.jar;C:\Users\2430655\.m2\repository\org\apache\poi\poi-ooxml-lite\5.2.5\poi-ooxml-lite-5.2.5.jar;C:\Users\2430655\.m2\repository\org\apache\xmlbeans\xmlbeans\5.2.0\xmlbeans-5.2.0.jar;C:\Users\2430655\.m2\repository\com\github\virtuald\curvesapi\1.08\curvesapi-1.08.jar;C:\Users\2430655\.m2\repository\org\apache\logging\log4j\log4j-api\2.23.1\log4j-api-2.23.1.jar;C:\Users\2430655\.m2\repository\org\apache\logging\log4j\log4j-core\2.23.1\log4j-core-2.23.1.jar;C:\Users\2430655\.m2\repository\org\slf4j\slf4j-simple\2.0.13\slf4j-simple-2.0.13.jar;C:\Users\2430655\.m2\repository\io\cucumber\cucumber-java\7.18.0\cucumber-java-7.18.0.jar;C:\Users\2430655\.m2\repository\io\cucumber\cucumber-core\7.18.0\cucumber-core-7.18.0.jar;C:\Users\2430655\.m2\repository\io\cucumber\cucumber-gherkin\7.18.0\cucumber-gherkin-7.18.0.jar;C:\Users\2430655\.m2\repository\io\cucumber\cucumber-gherkin-messages\7.18.0\cucumber-gherkin-messages-7.18.0.jar;C:\Users\2430655\.m2\repository\io\cucumber\gherkin\28.0.0\gherkin-28.0.0.jar;C:\Users\2430655\.m2\repository\io\cucumber\messages\24.1.0\messages-24.1.0.jar;C:\Users\2430655\.m2\repository\io\cucumber\testng-xml-formatter\0.1.0\testng-xml-formatter-0.1.0.jar;C:\Users\2430655\.m2\repository\io\cucumber\query\12.2.0\query-12.2.0.jar;C:\Users\2430655\.m2\repository\io\cucumber\tag-expressions\6.1.0\tag-expressions-6.1.0.jar;C:\Users\2430655\.m2\repository\io\cucumber\cucumber-expressions\17.1.0\cucumber-expressions-17.1.0.jar;C:\Users\2430655\.m2\repository\io\cucumber\datatable\7.18.0\datatable-7.18.0.jar;C:\Users\2430655\.m2\repository\io\cucumber\cucumber-plugin\7.18.0\cucumber-plugin-7.18.0.jar;C:\Users\2430655\.m2\repository\io\cucumber\docstring\7.18.0\docstring-7.18.0.jar;C:\Users\2430655\.m2\repository\io\cucumber\html-formatter\21.3.1\html-formatter-21.3.1.jar;C:\Users\2430655\.m2\repository\io\cucumber\junit-xml-formatter\0.4.0\junit-xml-formatter-0.4.0.jar;C:\Users\2430655\.m2\repository\io\cucumber\ci-environment\10.0.1\ci-environment-10.0.1.jar;C:\Users\2430655\.m2\repository\org\apiguardian\apiguardian-api\1.1.2\apiguardian-api-1.1.2.jar;C:\Users\2430655\.m2\repository\io\cucumber\cucumber-testng\7.18.0\cucumber-testng-7.18.0.jar;C:\Users\2430655\.m2\repository\io\qameta\allure\allure-cucumber7-jvm\2.29.1\allure-cucumber7-jvm-2.29.1.jar;C:\Users\2430655\.m2\repository\io\qameta\allure\allure-java-commons\2.29.1\allure-java-commons-2.29.1.jar;C:\Users\2430655\.m2\repository\io\qameta\allure\allure-model\2.29.1\allure-model-2.29.1.jar;C:\Users\2430655\.m2\repository\io\qameta\allure\allure-testng\2.29.1\allure-testng-2.29.1.jar;C:\Users\2430655\.m2\repository\io\qameta\allure\allure-test-filter\2.29.1\allure-test-filter-2.29.1.jar;C:\Users\2430655\.m2\repository\tech\grasshopper\extentreports-cucumber7-adapter\1.7.0\extentreports-cucumber7-adapter-1.7.0.jar;C:\Users\2430655\.m2\repository\tech\grasshopper\extent-pdf-report\2.7.0\extent-pdf-report-2.7.0.jar;C:\Users\2430655\.m2\repository\tech\grasshopper\cucumber-pdf-report\2.10.0\cucumber-pdf-report-2.10.0.jar;C:\Users\2430655\.m2\repository\org\apache\pdfbox\pdfbox\2.0.26\pdfbox-2.0.26.jar;C:\Users\2430655\.m2\repository\org\apache\pdfbox\fontbox\2.0.26\fontbox-2.0.26.jar;C:\Users\2430655\.m2\repository\org\knowm\xchart\xchart\3.8.0\xchart-3.8.0.jar;C:\Users\2430655\.m2\repository\de\erichseifert\vectorgraphics2d\VectorGraphics2D\0.13\VectorGraphics2D-0.13.jar;C:\Users\2430655\.m2\repository\de\rototor\pdfbox\graphics2d\0.30\graphics2d-0.30.jar;C:\Users\2430655\.m2\repository\com\madgag\animated-gif-lib\1.4\animated-gif-lib-1.4.jar;C:\Users\2430655\.m2\repository\org\yaml\snakeyaml\1.28\snakeyaml-1.28.jar;C:\Users\2430655\.m2\repository\tech\grasshopper\table-layout\1.5.1\table-layout-1.5.1.jar;C:\Users\2430655\.m2\repository\tech\grasshopper\rest-assured-cucumber-pdf-report\1.4.1\rest-assured-cucumber-pdf-report-1.4.1.jar;C:\Users\2430655\.m2\repository\org\jsoup\jsoup\1.14.3\jsoup-1.14.3.jar;C:\Users\2430655\.m2\repository\com\aventstack\klov-reporter\5.0.9\klov-reporter-5.0.9.jar;C:\Users\2430655\.m2\repository\org\mongodb\mongodb-driver\3.6.4\mongodb-driver-3.6.4.jar;C:\Users\2430655\.m2\repository\org\mongodb\mongodb-driver-core\3.6.4\mongodb-driver-core-3.6.4.jar;C:\Users\2430655\.m2\repository\org\mongodb\bson\3.6.4\bson-3.6.4.jar;C:\Users\2430655\.m2\repository\org\apache\httpcomponents\httpclient\4.5.13\httpclient-4.5.13.jar;C:\Users\2430655\.m2\repository\org\apache\httpcomponents\httpcore\4.4.13\httpcore-4.4.13.jar;C:\Users\2430655\.m2\repository\commons-logging\commons-logging\1.2\commons-logging-1.2.jar;C:\Users\2430655\.m2\repository\org\apache\httpcomponents\httpmime\4.5.13\httpmime-4.5.13.jar;C:\Users\2430655\.m2\repository\tech\grasshopper\htmlextentreporter\1.0.1\htmlextentreporter-1.0.1.jar;C:\Users\2430655\.m2\repository\com\aventstack\extentreports\5.1.2\extentreports-5.1.2.jar;C:\Users\2430655\.m2\repository\io\reactivex\rxjava3\rxjava\3.1.6\rxjava-3.1.6.jar;C:\Users\2430655\.m2\repository\org\reactivestreams\reactive-streams\1.0.4\reactive-streams-1.0.4.jar;C:\Users\2430655\.m2\repository\org\freemarker\freemarker\2.3.32\freemarker-2.3.32.jar;C:\Users\2430655\.m2\repository\org\projectlombok\lombok\1.18.26\lombok-1.18.26.jar;C:\Users\2430655\.m2\repository\commons-io\commons-io\2.20.0\commons-io-2.20.0.jar;C:\Users\2430655\.m2\repository\org\apache\commons\commons-lang3\3.18.0\commons-lang3-3.18.0.jar;"/>
    <property name="sun.cpu.endian" value="little"/>
    <property name="user.home" value="C:\Users\2430655"/>
    <property name="user.language" value="en"/>
    <property name="java.specification.vendor" value="Oracle Corporation"/>
    <property name="java.version.date" value="2025-04-15"/>
    <property name="java.home" value="C:\Program Files\Java\jdk-24"/>
    <property name="file.separator" value="\"/>
    <property name="basedir" value="C:\Users\2430655\Downloads\PolicyBazar_Atomation-master (3) 2 (1)\PolicyBazar_Atomation-master (3)\PolicyBazar_Atomation-master\PolicyBazar_Atomation-master"/>
    <property name="java.vm.compressedOopsMode" value="Zero based"/>
    <property name="line.separator" value="&#10;"/>
    <property name="java.vm.specification.vendor" value="Oracle Corporation"/>
    <property name="java.specification.name" value="Java Platform API Specification"/>
    <property name="surefire.real.class.path" value="C:\Users\2430655\AppData\Local\Temp\surefire9651256021967553939\surefirebooter-20251010154355588_3.jar"/>
    <property name="user.script" value=""/>
    <property name="sun.management.compiler" value="HotSpot 64-Bit Tiered Compilers"/>
    <property name="java.runtime.version" value="24.0.1+9-30"/>
    <property name="user.name" value="2430655"/>
    <property name="stdout.encoding" value="Cp1252"/>
    <property name="path.separator" value=";"/>
    <property name="os.version" value="10.0"/>
    <property name="java.runtime.name" value="Java(TM) SE Runtime Environment"/>
    <property name="file.encoding" value="UTF-8"/>
    <property name="java.vm.name" value="Java HotSpot(TM) 64-Bit Server VM"/>
    <property name="localRepository" value="C:\Users\2430655\.m2\repository"/>
    <property name="java.vendor.url.bug" value="https://bugreport.java.com/bugreport/"/>
    <property name="java.io.tmpdir" value="C:\Users\2430655\AppData\Local\Temp\"/>
    <property name="java.version" value="24.0.1"/>
    <property name="user.dir" value="C:\Users\2430655\Downloads\PolicyBazar_Atomation-master (3) 2 (1)\PolicyBazar_Atomation-master (3)\PolicyBazar_Atomation-master\PolicyBazar_Atomation-master"/>
    <property name="os.arch" value="amd64"/>
    <property name="java.vm.specification.name" value="Java Virtual Machine Specification"/>
    <property name="sun.os.patch.level" value=""/>
    <property name="native.encoding" value="Cp1252"/>
    <property name="java.library.path" value="C:\Program Files\Java\jdk-24\bin;C:\WINDOWS\Sun\Java\bin;C:\WINDOWS\system32;C:\WINDOWS;C:\Program Files\Python313\Scripts\;C:\Program Files\Python313\;C:\Program Files\Common Files\Oracle\Java\javapath;C:\WINDOWS\system32;C:\WINDOWS;C:\WINDOWS\System32\Wbem;C:\WINDOWS\System32\WindowsPowerShell\v1.0\;C:\WINDOWS\System32\OpenSSH\;C:\Program Files\Microsoft VS Code\bin;C:\Program Files\MySQL\MySQL Server 8.0\bin;C:\Program Files\cursor\resources\app\bin;C:\Program Files\nodejs\;C:\Program Files\Git\cmd;C:\Program Files\dotnet\;C:\Users\2430655\Downloads\apache-maven-3.9.11-bin\apache-maven-3.9.11\bin;C:\Program Files\MySQL\MySQL Shell 8.0\bin\;C:\Users\2430655\AppData\Local\Microsoft\WindowsApps;."/>
    <property name="java.vm.info" value="mixed mode, sharing"/>
    <property name="stderr.encoding" value="Cp1252"/>
    <property name="java.vendor" value="Oracle Corporation"/>
    <property name="java.vm.version" value="24.0.1+9-30"/>
    <property name="sun.io.unicode.encoding" value="UnicodeLittle"/>
    <property name="java.class.version" value="68.0"/>
  </properties>
  <testcase name="runScenario[&quot;Verify Error Message for Invalid Mobile Number during Car Insurance Quote&quot;, &quot;Car Insurance Quote Submission&quot;](1)" classname="runners.TestRunner" time="26.766">
    <system-out><![CDATA[
Scenario: Verify Error Message for Invalid Mobile Number during Car Insurance Quote &amp#27;[90m# src/test/resources/features/CarInsurance.feature:10&amp#27;[0m
15:44:10 [main] INFO  stepdefinitions.CarInsuranceSteps - Navigated to Policybazaar Car Insurance page.
  &amp#27;[32mGiven &amp#27;[0m&amp#27;[32mI am on the Policybazaar Car Insurance page&amp#27;[0m                                 &amp#27;[90m# stepdefinitions.CarInsuranceSteps.i_am_on_the_policybazaar_car_insurance_page()&amp#27;[0m
15:44:13 [main] INFO  stepdefinitions.CarInsuranceSteps - Proceeded without entering car number.
  &amp#27;[32mWhen &amp#27;[0m&amp#27;[32mI proceed without entering a car number&amp#27;[0m                                      &amp#27;[90m# stepdefinitions.CarInsuranceSteps.i_proceed_without_entering_a_car_number()&amp#27;[0m
15:44:14 [main] INFO  stepdefinitions.CarInsuranceSteps - Selected city.
  &amp#27;[32mAnd &amp#27;[0m&amp#27;[32mI select the city&amp#27;[0m                                                             &amp#27;[90m# stepdefinitions.CarInsuranceSteps.i_select_the_city()&amp#27;[0m
15:44:15 [main] INFO  stepdefinitions.CarInsuranceSteps - Selected car brand.
  &amp#27;[32mAnd &amp#27;[0m&amp#27;[32mI select the car brand&amp#27;[0m                                                        &amp#27;[90m# stepdefinitions.CarInsuranceSteps.i_select_the_car_brand()&amp#27;[0m
15:44:16 [main] INFO  stepdefinitions.CarInsuranceSteps - Selected car model.
  &amp#27;[32mAnd &amp#27;[0m&amp#27;[32mI select the car model&amp#27;[0m                                                        &amp#27;[90m# stepdefinitions.CarInsuranceSteps.i_select_the_car_model()&amp#27;[0m
15:44:17 [main] INFO  stepdefinitions.CarInsuranceSteps - Selected fuel type.
  &amp#27;[32mAnd &amp#27;[0m&amp#27;[32mI select the fuel type&amp#27;[0m                                                        &amp#27;[90m# stepdefinitions.CarInsuranceSteps.i_select_the_fuel_type()&amp#27;[0m
15:44:18 [main] INFO  stepdefinitions.CarInsuranceSteps - Selected variant.
  &amp#27;[32mAnd &amp#27;[0m&amp#27;[32mI select the variant&amp#27;[0m                                                          &amp#27;[90m# stepdefinitions.CarInsuranceSteps.i_select_the_variant()&amp#27;[0m
15:44:20 [main] INFO  stepdefinitions.CarInsuranceSteps - Entered user details with name and invalid mobile number.
  &amp#27;[32mAnd &amp#27;[0m&amp#27;[32mI enter user details with name and invalid mobile number from config&amp#27;[0m          &amp#27;[90m# stepdefinitions.CarInsuranceSteps.i_enter_user_details_with_name_and_invalid_mobile_number_from_config()&amp#27;[0m
15:44:20 [main] INFO  stepdefinitions.CarInsuranceSteps - Captured Error Message: Enter a valid mobile number
15:44:20 [main] INFO  stepdefinitions.CarInsuranceSteps - Validated error message contains expected text.
  &amp#27;[32mThen &amp#27;[0m&amp#27;[32mI should see an error message containing &amp#27;[0m&amp#27;[32m&amp#27;[1m"valid"&amp#27;[0m&amp#27;[32m for the mobile number field&amp#27;[0m &amp#27;[90m# stepdefinitions.CarInsuranceSteps.i_should_see_an_error_message_containing_for_the_mobile_number_field(java.lang.String)&amp#27;[0m
15:44:20 [main] INFO  stepdefinitions.CarInsuranceSteps - Captured screenshot of error message.
  &amp#27;[32mThen &amp#27;[0m&amp#27;[32mI should capture the error message displayed&amp#27;[0m                                 &amp#27;[90m# stepdefinitions.CarInsuranceSteps.i_should_capture_the_error_message_displayed()&amp#27;[0m
]]></system-out>
    <system-err><![CDATA[[main] WARN org.testng.xml.TestNGContentHandler - It is strongly recommended to add "<!DOCTYPE suite SYSTEM "https://testng.org/testng-1.1.dtd" >" at the top of the suite file [C:\Users\2430655\Downloads\PolicyBazar_Atomation-master (3) 2 (1)\PolicyBazar_Atomation-master (3)\PolicyBazar_Atomation-master\PolicyBazar_Atomation-master\testng.xml] otherwise TestNG may fail or not work as expected.
Oct 10, 2025 3:44:06 PM org.openqa.selenium.devtools.CdpVersionFinder findNearestMatch
WARNING: Unable to find CDP implementation matching 140
Oct 10, 2025 3:44:06 PM org.openqa.selenium.chromium.ChromiumDriver lambda$new$5
WARNING: Unable to find version of CDP to use for 140.0.7339.186. You may need to include a dependency on a specific version of the CDP using something similar to `org.seleniumhq.selenium:selenium-devtools-v86:4.21.0` where the version ("v86") matches the version of the chromium-based browser you're using and the version number of the artifact is the same as Selenium's.
]]></system-err>
  </testcase>
  <testcase name="runScenario[&quot;Successfully navigate through the EGH insurance quote process&quot;, &quot;EGH Insurance Quote Flow&quot;](2)" classname="runners.TestRunner" time="43.221">
    <system-out><![CDATA[
Scenario: Successfully navigate through the EGH insurance quote process       &amp#27;[90m# src/test/resources/features/EGHlInsurance.feature:9&amp#27;[0m
15:44:33 [main] INFO  stepdefinitions.EGHInsuranceSteps - Navigated to Policybazaar website via @Before hook.
  &amp#27;[32mGiven &amp#27;[0m&amp#27;[32mI am on the Policybazaar website&amp#27;[0m                                      &amp#27;[90m# stepdefinitions.EGHInsuranceSteps.i_am_on_the_policybazaar_website()&amp#27;[0m
15:44:34 [main] INFO  stepdefinitions.EGHInsuranceSteps - Clicked on Employee Group Health Insurance link.
  &amp#27;[32mWhen &amp#27;[0m&amp#27;[32mthe user clicks on the Employee Group Health Insurance link&amp#27;[0m            &amp#27;[90m# stepdefinitions.EGHInsuranceSteps.user_clicks_on_egs_link()&amp#27;[0m
15:44:42 [main] INFO  stepdefinitions.EGHInsuranceSteps - Entered mobile number: 9876543210 and number of employees: 25
  &amp#27;[32mAnd &amp#27;[0m&amp#27;[32mthe user enters mobile number &amp#27;[0m&amp#27;[32m&amp#27;[1m"9876543210"&amp#27;[0m&amp#27;[32m and number of employees &amp#27;[0m&amp#27;[32m&amp#27;[1m"25"&amp#27;[0m &amp#27;[90m# stepdefinitions.EGHInsuranceSteps.user_enters_mobile_and_employees(java.lang.String,java.lang.String)&amp#27;[0m
15:44:44 [main] INFO  stepdefinitions.EGHInsuranceSteps - Clicked on View Plan Instantly.
  &amp#27;[32mAnd &amp#27;[0m&amp#27;[32mthe user clicks on View Plan Instantly&amp#27;[0m                                  &amp#27;[90m# stepdefinitions.EGHInsuranceSteps.user_clicks_on_view_plan_instantly()&amp#27;[0m
15:44:54 [main] INFO  stepdefinitions.EGHInsuranceSteps - Dialog appeared and user selected: Yes
  &amp#27;[32mAnd &amp#27;[0m&amp#27;[32mthe dialog appears and the user selects &amp#27;[0m&amp#27;[32m&amp#27;[1m"Yes"&amp#27;[0m                           &amp#27;[90m# stepdefinitions.EGHInsuranceSteps.dialog_appears_and_user_selects_yes(java.lang.String)&amp#27;[0m
15:44:54 [main] INFO  stepdefinitions.EGHInsuranceSteps - Entered company name: CTS
  &amp#27;[32mAnd &amp#27;[0m&amp#27;[32mthe user enters company name &amp#27;[0m&amp#27;[32m&amp#27;[1m"CTS"&amp#27;[0m                                      &amp#27;[90m# stepdefinitions.EGHInsuranceSteps.user_enters_company_name(java.lang.String)&amp#27;[0m
15:44:55 [main] INFO  stepdefinitions.EGHInsuranceSteps - Clicked on Continue button.
  &amp#27;[32mAnd &amp#27;[0m&amp#27;[32mthe user clicks on Continue button&amp#27;[0m                                      &amp#27;[90m# stepdefinitions.EGHInsuranceSteps.user_clicks_on_continue_button()&amp#27;[0m
15:44:57 [main] INFO  stepdefinitions.EGHInsuranceSteps - Selected city: Bengaluru
  &amp#27;[32mAnd &amp#27;[0m&amp#27;[32mthe user selects city &amp#27;[0m&amp#27;[32m&amp#27;[1m"Bengaluru"&amp#27;[0m                                       &amp#27;[90m# stepdefinitions.EGHInsuranceSteps.user_selects_city(java.lang.String)&amp#27;[0m
15:44:57 [main] INFO  stepdefinitions.EGHInsuranceSteps - Clicked on View Plans button.
  &amp#27;[32mAnd &amp#27;[0m&amp#27;[32mthe user clicks on View Plans button&amp#27;[0m                                    &amp#27;[90m# stepdefinitions.EGHInsuranceSteps.user_clicks_on_view_plans_button()&amp#27;[0m
15:45:03 [main] INFO  stepdefinitions.EGHInsuranceSteps - ----- Extracted Insurer Details -----
15:45:03 [main] INFO  stepdefinitions.EGHInsuranceSteps - Insurer: Aditya Birla Health, Logo URL: https://static.pbcdn.in/sme-cdn/images/insurer-logo/v2/Aditya_Birla@2x.png
15:45:03 [main] INFO  stepdefinitions.EGHInsuranceSteps - Insurer: ICICI Lombard General Insurance, Logo URL: https://static.pbcdn.in/sme-cdn/images/insurer-logo/v2/ICICI_Lombard@2x.png
15:45:03 [main] INFO  stepdefinitions.EGHInsuranceSteps - Insurer: Magma General Insurance, Logo URL: https://static.pbcdn.in/sme-cdn/images/insurer-logo/v2/MAGMA@2x.png
15:45:03 [main] INFO  stepdefinitions.EGHInsuranceSteps - Insurer: Niva Bupa, Logo URL: https://static.pbcdn.in/sme-cdn/images/insurer-logo/v2/Niva_Bupa@2x.png
15:45:03 [main] INFO  stepdefinitions.EGHInsuranceSteps - Insurer: Tata AIG, Logo URL: https://static.pbcdn.in/sme-cdn/images/insurer-logo/v2/Tata_AIG@2x.png
15:45:03 [main] INFO  stepdefinitions.EGHInsuranceSteps - Insurer: SBI General, Logo URL: https://static.pbcdn.in/sme-cdn/images/insurer-logo/v2/SBI@2x.png
15:45:03 [main] INFO  stepdefinitions.EGHInsuranceSteps - Insurer: Cholamandalam, Logo URL: https://static.pbcdn.in/sme-cdn/images/insurer-logo/v2/Cholamandalam@2x.png
15:45:03 [main] INFO  stepdefinitions.EGHInsuranceSteps - Insurer: Bajaj Allianz, Logo URL: https://static.pbcdn.in/sme-cdn/images/insurer-logo/v2/Bajaj_General@2x.png
15:45:03 [main] INFO  stepdefinitions.EGHInsuranceSteps - -------------------------------------
  &amp#27;[32mThen &amp#27;[0m&amp#27;[32mthe insurer names should be printed&amp#27;[0m                                    &amp#27;[90m# stepdefinitions.EGHInsuranceSteps.the_insurer_names_should_be_printed()&amp#27;[0m
]]></system-out>
    <system-err><![CDATA[Oct 10, 2025 3:44:30 PM org.openqa.selenium.devtools.CdpVersionFinder findNearestMatch
WARNING: Unable to find CDP implementation matching 140
Oct 10, 2025 3:44:30 PM org.openqa.selenium.chromium.ChromiumDriver lambda$new$5
WARNING: Unable to find version of CDP to use for 140.0.7339.186. You may need to include a dependency on a specific version of the CDP using something similar to `org.seleniumhq.selenium:selenium-devtools-v86:4.21.0` where the version ("v86") matches the version of the chromium-based browser you're using and the version number of the artifact is the same as Selenium's.
]]></system-err>
  </testcase>
  <testcase name="runScenario[&quot;Verify display of medical insurance options&quot;, &quot;Medical Insurance Options Retrieval&quot;](3)" classname="runners.TestRunner" time="18.101">
    <system-out><![CDATA[
Scenario: Verify display of medical insurance options                  &amp#27;[90m# src/test/resources/features/MedicalInsurance.feature:10&amp#27;[0m
15:45:18 [main] INFO  stepdefinitions.MedicalInsuranceSteps - Navigated to 'View All Products' section.
  &amp#27;[32mGiven &amp#27;[0m&amp#27;[32mI navigate to the &amp#27;[0m&amp#27;[32m&amp#27;[1m"View All Products"&amp#27;[0m&amp#27;[32m section&amp#27;[0m                  &amp#27;[90m# stepdefinitions.MedicalInsuranceSteps.i_navigate_to_the_section(java.lang.String)&amp#27;[0m
15:45:19 [main] INFO  stepdefinitions.MedicalInsuranceSteps - Fetched medical insurance options.
  &amp#27;[32mWhen &amp#27;[0m&amp#27;[32mI fetch the list of medical insurance options&amp#27;[0m                   &amp#27;[90m# stepdefinitions.MedicalInsuranceSteps.i_fetch_the_list_of_medical_insurance_options()&amp#27;[0m
15:45:19 [main] INFO  stepdefinitions.MedicalInsuranceSteps - Number of options fetched: 6
  &amp#27;[32mThen &amp#27;[0m&amp#27;[32mI should see more than zero medical insurance options displayed&amp#27;[0m &amp#27;[90m# stepdefinitions.MedicalInsuranceSteps.i_should_see_more_than_zero_medical_insurance_options_displayed()&amp#27;[0m
15:45:19 [main] INFO  stepdefinitions.MedicalInsuranceSteps - --- Fetched Medical Insurance Options ---
15:45:19 [main] INFO  stepdefinitions.MedicalInsuranceSteps - - Health
15:45:20 [main] INFO  stepdefinitions.MedicalInsuranceSteps - - OPD
15:45:20 [main] INFO  stepdefinitions.MedicalInsuranceSteps - - 1 Cr health
Cover
15:45:20 [main] INFO  stepdefinitions.MedicalInsuranceSteps - - Arogya
Sanjeeva…
15:45:20 [main] INFO  stepdefinitions.MedicalInsuranceSteps - - Family 
Health Insurance
15:45:20 [main] INFO  stepdefinitions.MedicalInsuranceSteps - - Cancer
Insurance
Excel file saved: ./src/test/resources/testdata/MedicalInsuranceOptions.xlsx
Excel file saved: .//src/test/resources/testdata/MedicalInsuranceOptions.xlsx
15:45:22 [main] INFO  stepdefinitions.MedicalInsuranceSteps - -----------------------------------------
  &amp#27;[32mAnd &amp#27;[0m&amp#27;[32mI should print all fetched medical insurance options&amp#27;[0m             &amp#27;[90m# stepdefinitions.MedicalInsuranceSteps.i_should_print_all_fetched_medical_insurance_options()&amp#27;[0m
]]></system-out>
    <system-err><![CDATA[Oct 10, 2025 3:45:13 PM org.openqa.selenium.devtools.CdpVersionFinder findNearestMatch
WARNING: Unable to find CDP implementation matching 140
Oct 10, 2025 3:45:13 PM org.openqa.selenium.chromium.ChromiumDriver lambda$new$5
WARNING: Unable to find version of CDP to use for 140.0.7339.186. You may need to include a dependency on a specific version of the CDP using something similar to `org.seleniumhq.selenium:selenium-devtools-v86:4.21.0` where the version ("v86") matches the version of the chromium-based browser you're using and the version number of the artifact is the same as Selenium's.
]]></system-err>
  </testcase>
</testsuite>